{"/Users/mc/Desktop/Coala/REACT-Drag-Drop-Drawer/src/component/FlexTabs/index.tsx": {"path":"/Users/mc/Desktop/Coala/REACT-Drag-Drop-Drawer/src/component/FlexTabs/index.tsx","statementMap":{"0":{"start":{"line":38,"column":49},"end":{"line":280,"column":1}},"1":{"start":{"line":53,"column":22},"end":{"line":53,"column":33}},"2":{"start":{"line":54,"column":34},"end":{"line":54,"column":48}},"3":{"start":{"line":55,"column":34},"end":{"line":55,"column":51}},"4":{"start":{"line":56,"column":42},"end":{"line":56,"column":57}},"5":{"start":{"line":57,"column":50},"end":{"line":57,"column":65}},"6":{"start":{"line":58,"column":34},"end":{"line":58,"column":46}},"7":{"start":{"line":59,"column":37},"end":{"line":59,"column":52}},"8":{"start":{"line":64,"column":23},"end":{"line":89,"column":4}},"9":{"start":{"line":65,"column":4},"end":{"line":88,"column":10}},"10":{"start":{"line":66,"column":21},"end":{"line":66,"column":38}},"11":{"start":{"line":79,"column":12},"end":{"line":79,"column":35}},"12":{"start":{"line":80,"column":12},"end":{"line":80,"column":34}},"13":{"start":{"line":91,"column":23},"end":{"line":99,"column":4}},"14":{"start":{"line":92,"column":4},"end":{"line":98,"column":6}},"15":{"start":{"line":95,"column":10},"end":{"line":95,"column":76}},"16":{"start":{"line":101,"column":20},"end":{"line":103,"column":3}},"17":{"start":{"line":102,"column":4},"end":{"line":102,"column":57}},"18":{"start":{"line":105,"column":24},"end":{"line":110,"column":3}},"19":{"start":{"line":106,"column":13},"end":{"line":108,"column":5}},"20":{"start":{"line":107,"column":6},"end":{"line":107,"column":77}},"21":{"start":{"line":109,"column":4},"end":{"line":109,"column":89}},"22":{"start":{"line":113,"column":4},"end":{"line":155,"column":13}},"23":{"start":{"line":119,"column":16},"end":{"line":150,"column":22}},"24":{"start":{"line":123,"column":20},"end":{"line":123,"column":51}},"25":{"start":{"line":124,"column":20},"end":{"line":147,"column":21}},"26":{"start":{"line":125,"column":22},"end":{"line":131,"column":23}},"27":{"start":{"line":126,"column":24},"end":{"line":130,"column":33}},"28":{"start":{"line":128,"column":26},"end":{"line":128,"column":46}},"29":{"start":{"line":129,"column":26},"end":{"line":129,"column":52}},"30":{"start":{"line":132,"column":27},"end":{"line":147,"column":21}},"31":{"start":{"line":133,"column":42},"end":{"line":133,"column":50}},"32":{"start":{"line":134,"column":32},"end":{"line":134,"column":76}},"33":{"start":{"line":135,"column":22},"end":{"line":135,"column":44}},"34":{"start":{"line":136,"column":22},"end":{"line":136,"column":47}},"35":{"start":{"line":137,"column":27},"end":{"line":147,"column":21}},"36":{"start":{"line":138,"column":42},"end":{"line":138,"column":50}},"37":{"start":{"line":139,"column":22},"end":{"line":146,"column":23}},"38":{"start":{"line":140,"column":36},"end":{"line":140,"column":65}},"39":{"start":{"line":141,"column":24},"end":{"line":141,"column":53}},"40":{"start":{"line":142,"column":24},"end":{"line":142,"column":52}},"41":{"start":{"line":143,"column":24},"end":{"line":143,"column":49}},"42":{"start":{"line":145,"column":24},"end":{"line":145,"column":62}},"43":{"start":{"line":158,"column":28},"end":{"line":160,"column":3}},"44":{"start":{"line":159,"column":4},"end":{"line":159,"column":36}},"45":{"start":{"line":163,"column":4},"end":{"line":203,"column":13}},"46":{"start":{"line":182,"column":34},"end":{"line":182,"column":42}},"47":{"start":{"line":183,"column":14},"end":{"line":195,"column":15}},"48":{"start":{"line":184,"column":16},"end":{"line":194,"column":17}},"49":{"start":{"line":185,"column":28},"end":{"line":185,"column":67}},"50":{"start":{"line":186,"column":18},"end":{"line":186,"column":40}},"51":{"start":{"line":187,"column":23},"end":{"line":194,"column":17}},"52":{"start":{"line":188,"column":18},"end":{"line":193,"column":19}},"53":{"start":{"line":188,"column":31},"end":{"line":188,"column":32}},"54":{"start":{"line":189,"column":20},"end":{"line":192,"column":21}},"55":{"start":{"line":190,"column":22},"end":{"line":190,"column":53}},"56":{"start":{"line":191,"column":22},"end":{"line":191,"column":28}},"57":{"start":{"line":196,"column":14},"end":{"line":196,"column":39}},"58":{"start":{"line":197,"column":14},"end":{"line":197,"column":53}},"59":{"start":{"line":206,"column":27},"end":{"line":241,"column":3}},"60":{"start":{"line":207,"column":4},"end":{"line":240,"column":6}},"61":{"start":{"line":210,"column":10},"end":{"line":237,"column":16}},"62":{"start":{"line":212,"column":27},"end":{"line":212,"column":44}},"63":{"start":{"line":226,"column":18},"end":{"line":226,"column":41}},"64":{"start":{"line":227,"column":18},"end":{"line":227,"column":40}},"65":{"start":{"line":243,"column":2},"end":{"line":279,"column":4}},"66":{"start":{"line":268,"column":12},"end":{"line":268,"column":28}},"67":{"start":{"line":269,"column":12},"end":{"line":269,"column":31}},"68":{"start":{"line":270,"column":12},"end":{"line":270,"column":38}},"69":{"start":{"line":286,"column":51},"end":{"line":294,"column":1}},"70":{"start":{"line":287,"column":2},"end":{"line":293,"column":4}},"71":{"start":{"line":296,"column":47},"end":{"line":304,"column":1}},"72":{"start":{"line":297,"column":2},"end":{"line":303,"column":4}},"73":{"start":{"line":306,"column":0},"end":{"line":313,"column":2}},"74":{"start":{"line":315,"column":18},"end":{"line":380,"column":3}},"75":{"start":{"line":315,"column":36},"end":{"line":380,"column":1}}},"fnMap":{"0":{"name":"(anonymous_0)","decl":{"start":{"line":38,"column":49},"end":{"line":38,"column":50}},"loc":{"start":{"line":52,"column":6},"end":{"line":280,"column":1}},"line":52},"1":{"name":"(anonymous_1)","decl":{"start":{"line":64,"column":39},"end":{"line":64,"column":40}},"loc":{"start":{"line":65,"column":4},"end":{"line":88,"column":10}},"line":65},"2":{"name":"(anonymous_2)","decl":{"start":{"line":66,"column":15},"end":{"line":66,"column":16}},"loc":{"start":{"line":66,"column":21},"end":{"line":66,"column":38}},"line":66},"3":{"name":"(anonymous_3)","decl":{"start":{"line":78,"column":19},"end":{"line":78,"column":20}},"loc":{"start":{"line":78,"column":25},"end":{"line":81,"column":11}},"line":78},"4":{"name":"(anonymous_4)","decl":{"start":{"line":91,"column":41},"end":{"line":91,"column":42}},"loc":{"start":{"line":91,"column":79},"end":{"line":99,"column":3}},"line":91},"5":{"name":"(anonymous_5)","decl":{"start":{"line":94,"column":19},"end":{"line":94,"column":20}},"loc":{"start":{"line":95,"column":10},"end":{"line":95,"column":76}},"line":95},"6":{"name":"(anonymous_6)","decl":{"start":{"line":101,"column":20},"end":{"line":101,"column":21}},"loc":{"start":{"line":101,"column":88},"end":{"line":103,"column":3}},"line":101},"7":{"name":"(anonymous_7)","decl":{"start":{"line":105,"column":24},"end":{"line":105,"column":25}},"loc":{"start":{"line":105,"column":30},"end":{"line":110,"column":3}},"line":105},"8":{"name":"(anonymous_8)","decl":{"start":{"line":106,"column":13},"end":{"line":106,"column":14}},"loc":{"start":{"line":106,"column":25},"end":{"line":108,"column":5}},"line":106},"9":{"name":"(anonymous_9)","decl":{"start":{"line":118,"column":29},"end":{"line":118,"column":30}},"loc":{"start":{"line":119,"column":16},"end":{"line":150,"column":22}},"line":119},"10":{"name":"(anonymous_10)","decl":{"start":{"line":122,"column":27},"end":{"line":122,"column":28}},"loc":{"start":{"line":122,"column":33},"end":{"line":148,"column":19}},"line":122},"11":{"name":"(anonymous_11)","decl":{"start":{"line":126,"column":35},"end":{"line":126,"column":36}},"loc":{"start":{"line":126,"column":41},"end":{"line":130,"column":25}},"line":126},"12":{"name":"(anonymous_12)","decl":{"start":{"line":158,"column":28},"end":{"line":158,"column":29}},"loc":{"start":{"line":158,"column":44},"end":{"line":160,"column":3}},"line":158},"13":{"name":"(anonymous_13)","decl":{"start":{"line":181,"column":21},"end":{"line":181,"column":22}},"loc":{"start":{"line":181,"column":27},"end":{"line":198,"column":13}},"line":181},"14":{"name":"(anonymous_14)","decl":{"start":{"line":206,"column":27},"end":{"line":206,"column":28}},"loc":{"start":{"line":206,"column":33},"end":{"line":241,"column":3}},"line":206},"15":{"name":"(anonymous_15)","decl":{"start":{"line":209,"column":22},"end":{"line":209,"column":23}},"loc":{"start":{"line":210,"column":10},"end":{"line":237,"column":16}},"line":210},"16":{"name":"(anonymous_16)","decl":{"start":{"line":212,"column":21},"end":{"line":212,"column":22}},"loc":{"start":{"line":212,"column":27},"end":{"line":212,"column":44}},"line":212},"17":{"name":"(anonymous_17)","decl":{"start":{"line":225,"column":25},"end":{"line":225,"column":26}},"loc":{"start":{"line":225,"column":31},"end":{"line":228,"column":17}},"line":225},"18":{"name":"(anonymous_18)","decl":{"start":{"line":267,"column":19},"end":{"line":267,"column":20}},"loc":{"start":{"line":267,"column":25},"end":{"line":271,"column":11}},"line":267},"19":{"name":"(anonymous_19)","decl":{"start":{"line":286,"column":51},"end":{"line":286,"column":52}},"loc":{"start":{"line":286,"column":69},"end":{"line":294,"column":1}},"line":286},"20":{"name":"(anonymous_20)","decl":{"start":{"line":296,"column":47},"end":{"line":296,"column":48}},"loc":{"start":{"line":296,"column":65},"end":{"line":304,"column":1}},"line":296},"21":{"name":"(anonymous_21)","decl":{"start":{"line":315,"column":29},"end":{"line":315,"column":30}},"loc":{"start":{"line":315,"column":36},"end":{"line":380,"column":1}},"line":315}},"branchMap":{"0":{"loc":{"start":{"line":68,"column":10},"end":{"line":68,"column":60}},"type":"cond-expr","locations":[{"start":{"line":68,"column":36},"end":{"line":68,"column":46}},{"start":{"line":68,"column":49},"end":{"line":68,"column":60}}],"line":68},"1":{"loc":{"start":{"line":69,"column":34},"end":{"line":69,"column":79}},"type":"cond-expr","locations":[{"start":{"line":69,"column":60},"end":{"line":69,"column":69}},{"start":{"line":69,"column":72},"end":{"line":69,"column":79}}],"line":69},"2":{"loc":{"start":{"line":73,"column":24},"end":{"line":73,"column":71}},"type":"cond-expr","locations":[{"start":{"line":73,"column":50},"end":{"line":73,"column":59}},{"start":{"line":73,"column":62},"end":{"line":73,"column":71}}],"line":73},"3":{"loc":{"start":{"line":76,"column":7},"end":{"line":87,"column":7}},"type":"binary-expr","locations":[{"start":{"line":76,"column":7},"end":{"line":76,"column":25}},{"start":{"line":77,"column":8},"end":{"line":86,"column":14}}],"line":76},"4":{"loc":{"start":{"line":83,"column":11},"end":{"line":85,"column":11}},"type":"binary-expr","locations":[{"start":{"line":83,"column":11},"end":{"line":83,"column":34}},{"start":{"line":84,"column":12},"end":{"line":84,"column":96}}],"line":83},"5":{"loc":{"start":{"line":117,"column":13},"end":{"line":151,"column":16}},"type":"binary-expr","locations":[{"start":{"line":117,"column":13},"end":{"line":117,"column":23}},{"start":{"line":118,"column":14},"end":{"line":151,"column":16}}],"line":117},"6":{"loc":{"start":{"line":124,"column":20},"end":{"line":147,"column":21}},"type":"if","locations":[{"start":{"line":124,"column":20},"end":{"line":147,"column":21}},{"start":{"line":124,"column":20},"end":{"line":147,"column":21}}],"line":124},"7":{"loc":{"start":{"line":125,"column":22},"end":{"line":131,"column":23}},"type":"if","locations":[{"start":{"line":125,"column":22},"end":{"line":131,"column":23}},{"start":{"line":125,"column":22},"end":{"line":131,"column":23}}],"line":125},"8":{"loc":{"start":{"line":132,"column":27},"end":{"line":147,"column":21}},"type":"if","locations":[{"start":{"line":132,"column":27},"end":{"line":147,"column":21}},{"start":{"line":132,"column":27},"end":{"line":147,"column":21}}],"line":132},"9":{"loc":{"start":{"line":137,"column":27},"end":{"line":147,"column":21}},"type":"if","locations":[{"start":{"line":137,"column":27},"end":{"line":147,"column":21}},{"start":{"line":137,"column":27},"end":{"line":147,"column":21}}],"line":137},"10":{"loc":{"start":{"line":139,"column":22},"end":{"line":146,"column":23}},"type":"if","locations":[{"start":{"line":139,"column":22},"end":{"line":146,"column":23}},{"start":{"line":139,"column":22},"end":{"line":146,"column":23}}],"line":139},"11":{"loc":{"start":{"line":183,"column":14},"end":{"line":195,"column":15}},"type":"if","locations":[{"start":{"line":183,"column":14},"end":{"line":195,"column":15}},{"start":{"line":183,"column":14},"end":{"line":195,"column":15}}],"line":183},"12":{"loc":{"start":{"line":184,"column":16},"end":{"line":194,"column":17}},"type":"if","locations":[{"start":{"line":184,"column":16},"end":{"line":194,"column":17}},{"start":{"line":184,"column":16},"end":{"line":194,"column":17}}],"line":184},"13":{"loc":{"start":{"line":184,"column":20},"end":{"line":184,"column":40}},"type":"binary-expr","locations":[{"start":{"line":184,"column":20},"end":{"line":184,"column":30}},{"start":{"line":184,"column":34},"end":{"line":184,"column":40}}],"line":184},"14":{"loc":{"start":{"line":187,"column":23},"end":{"line":194,"column":17}},"type":"if","locations":[{"start":{"line":187,"column":23},"end":{"line":194,"column":17}},{"start":{"line":187,"column":23},"end":{"line":194,"column":17}}],"line":187},"15":{"loc":{"start":{"line":187,"column":27},"end":{"line":187,"column":51}},"type":"binary-expr","locations":[{"start":{"line":187,"column":27},"end":{"line":187,"column":38}},{"start":{"line":187,"column":42},"end":{"line":187,"column":51}}],"line":187},"16":{"loc":{"start":{"line":189,"column":20},"end":{"line":192,"column":21}},"type":"if","locations":[{"start":{"line":189,"column":20},"end":{"line":192,"column":21}},{"start":{"line":189,"column":20},"end":{"line":192,"column":21}}],"line":189},"17":{"loc":{"start":{"line":214,"column":40},"end":{"line":214,"column":85}},"type":"cond-expr","locations":[{"start":{"line":214,"column":66},"end":{"line":214,"column":75}},{"start":{"line":214,"column":78},"end":{"line":214,"column":85}}],"line":214},"18":{"loc":{"start":{"line":217,"column":23},"end":{"line":217,"column":70}},"type":"cond-expr","locations":[{"start":{"line":217,"column":49},"end":{"line":217,"column":58}},{"start":{"line":217,"column":61},"end":{"line":217,"column":70}}],"line":217},"19":{"loc":{"start":{"line":223,"column":13},"end":{"line":236,"column":13}},"type":"binary-expr","locations":[{"start":{"line":223,"column":13},"end":{"line":223,"column":31}},{"start":{"line":224,"column":14},"end":{"line":235,"column":20}}],"line":223},"20":{"loc":{"start":{"line":230,"column":17},"end":{"line":234,"column":17}},"type":"binary-expr","locations":[{"start":{"line":230,"column":17},"end":{"line":230,"column":40}},{"start":{"line":231,"column":18},"end":{"line":233,"column":20}}],"line":230},"21":{"loc":{"start":{"line":254,"column":11},"end":{"line":264,"column":11}},"type":"cond-expr","locations":[{"start":{"line":255,"column":12},"end":{"line":261,"column":14}},{"start":{"line":263,"column":12},"end":{"line":263,"column":30}}],"line":254},"22":{"loc":{"start":{"line":276,"column":7},"end":{"line":276,"column":41}},"type":"binary-expr","locations":[{"start":{"line":276,"column":7},"end":{"line":276,"column":19}},{"start":{"line":276,"column":23},"end":{"line":276,"column":41}}],"line":276},"23":{"loc":{"start":{"line":277,"column":7},"end":{"line":277,"column":45}},"type":"binary-expr","locations":[{"start":{"line":277,"column":7},"end":{"line":277,"column":23}},{"start":{"line":277,"column":27},"end":{"line":277,"column":45}}],"line":277}},"s":{"0":1,"1":17,"2":17,"3":17,"4":17,"5":17,"6":17,"7":17,"8":17,"9":102,"10":0,"11":0,"12":0,"13":17,"14":17,"15":102,"16":17,"17":0,"18":17,"19":0,"20":0,"21":0,"22":17,"23":51,"24":0,"25":0,"26":0,"27":0,"28":0,"29":0,"30":0,"31":0,"32":0,"33":0,"34":0,"35":0,"36":0,"37":0,"38":0,"39":0,"40":0,"41":0,"42":0,"43":17,"44":0,"45":17,"46":0,"47":0,"48":0,"49":0,"50":0,"51":0,"52":0,"53":0,"54":0,"55":0,"56":0,"57":0,"58":0,"59":17,"60":0,"61":0,"62":0,"63":0,"64":0,"65":17,"66":0,"67":0,"68":0,"69":1,"70":0,"71":1,"72":0,"73":1,"74":1,"75":1},"f":{"0":17,"1":102,"2":0,"3":0,"4":17,"5":102,"6":0,"7":0,"8":0,"9":51,"10":0,"11":0,"12":0,"13":0,"14":0,"15":0,"16":0,"17":0,"18":0,"19":0,"20":0,"21":1},"b":{"0":[17,85],"1":[17,85],"2":[17,85],"3":[102,102],"4":[102,17],"5":[17,17],"6":[0,0],"7":[0,0],"8":[0,0],"9":[0,0],"10":[0,0],"11":[0,0],"12":[0,0],"13":[0,0],"14":[0,0],"15":[0,0],"16":[0,0],"17":[0,0],"18":[0,0],"19":[0,0],"20":[0,0],"21":[17,0],"22":[17,0],"23":[17,0]},"_coverageSchema":"43e27e138ebf9cfc5966b082cf9a028302ed4184","hash":"9bf781bdb7e45e6bb800aa6d8e15103e39e000ba"}
,"/Users/mc/Desktop/Coala/REACT-Drag-Drop-Drawer/src/component/Selector/index.tsx": {"path":"/Users/mc/Desktop/Coala/REACT-Drag-Drop-Drawer/src/component/Selector/index.tsx","statementMap":{"0":{"start":{"line":16,"column":49},"end":{"line":41,"column":1}},"1":{"start":{"line":17,"column":22},"end":{"line":17,"column":33}},"2":{"start":{"line":18,"column":28},"end":{"line":18,"column":39}},"3":{"start":{"line":19,"column":2},"end":{"line":40,"column":4}},"4":{"start":{"line":24,"column":12},"end":{"line":36,"column":18}},"5":{"start":{"line":26,"column":16},"end":{"line":26,"column":32}},"6":{"start":{"line":27,"column":16},"end":{"line":27,"column":27}},"7":{"start":{"line":43,"column":18},"end":{"line":82,"column":3}},"8":{"start":{"line":43,"column":36},"end":{"line":82,"column":1}}},"fnMap":{"0":{"name":"(anonymous_0)","decl":{"start":{"line":16,"column":49},"end":{"line":16,"column":50}},"loc":{"start":{"line":16,"column":74},"end":{"line":41,"column":1}},"line":16},"1":{"name":"(anonymous_1)","decl":{"start":{"line":23,"column":20},"end":{"line":23,"column":21}},"loc":{"start":{"line":24,"column":12},"end":{"line":36,"column":18}},"line":24},"2":{"name":"(anonymous_2)","decl":{"start":{"line":25,"column":23},"end":{"line":25,"column":24}},"loc":{"start":{"line":25,"column":29},"end":{"line":28,"column":15}},"line":25},"3":{"name":"(anonymous_3)","decl":{"start":{"line":43,"column":29},"end":{"line":43,"column":30}},"loc":{"start":{"line":43,"column":36},"end":{"line":82,"column":1}},"line":43}},"branchMap":{"0":{"loc":{"start":{"line":22,"column":9},"end":{"line":37,"column":12}},"type":"binary-expr","locations":[{"start":{"line":22,"column":9},"end":{"line":22,"column":14}},{"start":{"line":23,"column":10},"end":{"line":37,"column":12}}],"line":22},"1":{"loc":{"start":{"line":31,"column":40},"end":{"line":31,"column":77}},"type":"cond-expr","locations":[{"start":{"line":31,"column":58},"end":{"line":31,"column":67}},{"start":{"line":31,"column":70},"end":{"line":31,"column":77}}],"line":31}},"s":{"0":1,"1":5,"2":5,"3":5,"4":15,"5":2,"6":2,"7":1,"8":1},"f":{"0":5,"1":15,"2":2,"3":1},"b":{"0":[5,5],"1":[5,10]},"_coverageSchema":"43e27e138ebf9cfc5966b082cf9a028302ed4184","hash":"a03ccf4b7b0b70a899869788d88d319074ce47fa"}
,"/Users/mc/Desktop/Coala/REACT-Drag-Drop-Drawer/src/component/SlugField/index.tsx": {"path":"/Users/mc/Desktop/Coala/REACT-Drag-Drop-Drawer/src/component/SlugField/index.tsx","statementMap":{"0":{"start":{"line":27,"column":51},"end":{"line":99,"column":1}},"1":{"start":{"line":38,"column":22},"end":{"line":38,"column":33}},"2":{"start":{"line":39,"column":34},"end":{"line":39,"column":49}},"3":{"start":{"line":40,"column":50},"end":{"line":40,"column":72}},"4":{"start":{"line":42,"column":27},"end":{"line":46,"column":3}},"5":{"start":{"line":43,"column":21},"end":{"line":43,"column":66}},"6":{"start":{"line":44,"column":4},"end":{"line":44,"column":33}},"7":{"start":{"line":45,"column":4},"end":{"line":45,"column":40}},"8":{"start":{"line":48,"column":29},"end":{"line":51,"column":3}},"9":{"start":{"line":49,"column":21},"end":{"line":49,"column":66}},"10":{"start":{"line":50,"column":4},"end":{"line":50,"column":36}},"11":{"start":{"line":53,"column":20},"end":{"line":55,"column":3}},"12":{"start":{"line":54,"column":4},"end":{"line":54,"column":38}},"13":{"start":{"line":57,"column":2},"end":{"line":98,"column":4}},"14":{"start":{"line":81,"column":12},"end":{"line":81,"column":41}},"15":{"start":{"line":101,"column":0},"end":{"line":104,"column":2}},"16":{"start":{"line":106,"column":18},"end":{"line":179,"column":3}},"17":{"start":{"line":106,"column":36},"end":{"line":179,"column":1}}},"fnMap":{"0":{"name":"(anonymous_0)","decl":{"start":{"line":27,"column":51},"end":{"line":27,"column":52}},"loc":{"start":{"line":37,"column":6},"end":{"line":99,"column":1}},"line":37},"1":{"name":"(anonymous_1)","decl":{"start":{"line":42,"column":27},"end":{"line":42,"column":28}},"loc":{"start":{"line":42,"column":33},"end":{"line":46,"column":3}},"line":42},"2":{"name":"(anonymous_2)","decl":{"start":{"line":48,"column":29},"end":{"line":48,"column":30}},"loc":{"start":{"line":48,"column":35},"end":{"line":51,"column":3}},"line":48},"3":{"name":"(anonymous_3)","decl":{"start":{"line":53,"column":20},"end":{"line":53,"column":21}},"loc":{"start":{"line":53,"column":37},"end":{"line":55,"column":3}},"line":53},"4":{"name":"(anonymous_4)","decl":{"start":{"line":80,"column":20},"end":{"line":80,"column":21}},"loc":{"start":{"line":80,"column":71},"end":{"line":82,"column":11}},"line":80},"5":{"name":"(anonymous_5)","decl":{"start":{"line":106,"column":29},"end":{"line":106,"column":30}},"loc":{"start":{"line":106,"column":36},"end":{"line":179,"column":1}},"line":106}},"branchMap":{"0":{"loc":{"start":{"line":85,"column":11},"end":{"line":89,"column":11}},"type":"binary-expr","locations":[{"start":{"line":85,"column":11},"end":{"line":85,"column":25}},{"start":{"line":86,"column":12},"end":{"line":88,"column":18}}],"line":85},"1":{"loc":{"start":{"line":90,"column":11},"end":{"line":94,"column":11}},"type":"binary-expr","locations":[{"start":{"line":90,"column":11},"end":{"line":90,"column":23}},{"start":{"line":91,"column":12},"end":{"line":93,"column":18}}],"line":90}},"s":{"0":1,"1":6,"2":6,"3":6,"4":6,"5":0,"6":0,"7":0,"8":6,"9":0,"10":0,"11":6,"12":0,"13":6,"14":0,"15":1,"16":1,"17":1},"f":{"0":6,"1":0,"2":0,"3":0,"4":0,"5":1},"b":{"0":[6,6],"1":[6,6]},"_coverageSchema":"43e27e138ebf9cfc5966b082cf9a028302ed4184","hash":"be99c9ecd23104f131a30e642c4c8457b1b3ef55"}
,"/Users/mc/Desktop/Coala/REACT-Drag-Drop-Drawer/src/component/TaskCard/index.tsx": {"path":"/Users/mc/Desktop/Coala/REACT-Drag-Drop-Drawer/src/component/TaskCard/index.tsx","statementMap":{"0":{"start":{"line":17,"column":49},"end":{"line":67,"column":1}},"1":{"start":{"line":28,"column":22},"end":{"line":28,"column":33}},"2":{"start":{"line":29,"column":25},"end":{"line":64,"column":3}},"3":{"start":{"line":30,"column":4},"end":{"line":63,"column":6}},"4":{"start":{"line":33,"column":10},"end":{"line":35,"column":11}},"5":{"start":{"line":34,"column":12},"end":{"line":34,"column":40}},"6":{"start":{"line":50,"column":16},"end":{"line":52,"column":17}},"7":{"start":{"line":51,"column":18},"end":{"line":51,"column":52}},"8":{"start":{"line":66,"column":2},"end":{"line":66,"column":65}},"9":{"start":{"line":69,"column":0},"end":{"line":72,"column":2}},"10":{"start":{"line":74,"column":18},"end":{"line":139,"column":3}},"11":{"start":{"line":74,"column":36},"end":{"line":139,"column":1}}},"fnMap":{"0":{"name":"(anonymous_0)","decl":{"start":{"line":17,"column":49},"end":{"line":17,"column":50}},"loc":{"start":{"line":27,"column":6},"end":{"line":67,"column":1}},"line":27},"1":{"name":"(anonymous_1)","decl":{"start":{"line":29,"column":25},"end":{"line":29,"column":26}},"loc":{"start":{"line":29,"column":31},"end":{"line":64,"column":3}},"line":29},"2":{"name":"(anonymous_2)","decl":{"start":{"line":32,"column":17},"end":{"line":32,"column":18}},"loc":{"start":{"line":32,"column":23},"end":{"line":36,"column":9}},"line":32},"3":{"name":"(anonymous_3)","decl":{"start":{"line":49,"column":23},"end":{"line":49,"column":24}},"loc":{"start":{"line":49,"column":29},"end":{"line":53,"column":15}},"line":49},"4":{"name":"(anonymous_4)","decl":{"start":{"line":74,"column":29},"end":{"line":74,"column":30}},"loc":{"start":{"line":74,"column":36},"end":{"line":139,"column":1}},"line":74}},"branchMap":{"0":{"loc":{"start":{"line":33,"column":10},"end":{"line":35,"column":11}},"type":"if","locations":[{"start":{"line":33,"column":10},"end":{"line":35,"column":11}},{"start":{"line":33,"column":10},"end":{"line":35,"column":11}}],"line":33},"1":{"loc":{"start":{"line":47,"column":11},"end":{"line":60,"column":11}},"type":"cond-expr","locations":[{"start":{"line":48,"column":12},"end":{"line":57,"column":18}},{"start":{"line":59,"column":12},"end":{"line":59,"column":27}}],"line":47},"2":{"loc":{"start":{"line":47,"column":11},"end":{"line":47,"column":53}},"type":"binary-expr","locations":[{"start":{"line":47,"column":11},"end":{"line":47,"column":26}},{"start":{"line":47,"column":30},"end":{"line":47,"column":53}}],"line":47},"3":{"loc":{"start":{"line":50,"column":16},"end":{"line":52,"column":17}},"type":"if","locations":[{"start":{"line":50,"column":16},"end":{"line":52,"column":17}},{"start":{"line":50,"column":16},"end":{"line":52,"column":17}}],"line":50}},"s":{"0":1,"1":9,"2":9,"3":9,"4":0,"5":0,"6":0,"7":0,"8":9,"9":1,"10":1,"11":1},"f":{"0":9,"1":9,"2":0,"3":0,"4":1},"b":{"0":[0,0],"1":[9,0],"2":[9,9],"3":[0,0]},"_coverageSchema":"43e27e138ebf9cfc5966b082cf9a028302ed4184","hash":"f54ac4918ca6b8fb50e21f68b0442c592c1fc180"}
,"/Users/mc/Desktop/Coala/REACT-Drag-Drop-Drawer/src/component/Timeline/index.tsx": {"path":"/Users/mc/Desktop/Coala/REACT-Drag-Drop-Drawer/src/component/Timeline/index.tsx","statementMap":{"0":{"start":{"line":22,"column":49},"end":{"line":62,"column":1}},"1":{"start":{"line":31,"column":22},"end":{"line":31,"column":33}},"2":{"start":{"line":32,"column":25},"end":{"line":55,"column":3}},"3":{"start":{"line":33,"column":4},"end":{"line":54,"column":6}},"4":{"start":{"line":37,"column":12},"end":{"line":51,"column":18}},"5":{"start":{"line":57,"column":2},"end":{"line":61,"column":4}},"6":{"start":{"line":64,"column":0},"end":{"line":66,"column":2}},"7":{"start":{"line":68,"column":18},"end":{"line":129,"column":3}},"8":{"start":{"line":68,"column":36},"end":{"line":129,"column":1}}},"fnMap":{"0":{"name":"(anonymous_0)","decl":{"start":{"line":22,"column":49},"end":{"line":22,"column":50}},"loc":{"start":{"line":30,"column":6},"end":{"line":62,"column":1}},"line":30},"1":{"name":"(anonymous_1)","decl":{"start":{"line":32,"column":25},"end":{"line":32,"column":26}},"loc":{"start":{"line":32,"column":31},"end":{"line":55,"column":3}},"line":32},"2":{"name":"(anonymous_2)","decl":{"start":{"line":36,"column":19},"end":{"line":36,"column":20}},"loc":{"start":{"line":37,"column":12},"end":{"line":51,"column":18}},"line":37},"3":{"name":"(anonymous_3)","decl":{"start":{"line":68,"column":29},"end":{"line":68,"column":30}},"loc":{"start":{"line":68,"column":36},"end":{"line":129,"column":1}},"line":68}},"branchMap":{"0":{"loc":{"start":{"line":35,"column":9},"end":{"line":52,"column":12}},"type":"binary-expr","locations":[{"start":{"line":35,"column":9},"end":{"line":35,"column":13}},{"start":{"line":36,"column":10},"end":{"line":52,"column":12}}],"line":35},"1":{"loc":{"start":{"line":59,"column":49},"end":{"line":59,"column":88}},"type":"binary-expr","locations":[{"start":{"line":59,"column":49},"end":{"line":59,"column":68}},{"start":{"line":59,"column":72},"end":{"line":59,"column":88}}],"line":59}},"s":{"0":1,"1":15,"2":15,"3":15,"4":90,"5":15,"6":1,"7":1,"8":1},"f":{"0":15,"1":15,"2":90,"3":1},"b":{"0":[15,15],"1":[15,15]},"_coverageSchema":"43e27e138ebf9cfc5966b082cf9a028302ed4184","hash":"4ff0a010e645864bb3e7921b7bab51a10e32cb92"}
,"/Users/mc/Desktop/Coala/REACT-Drag-Drop-Drawer/src/component/ToolBar/index.tsx": {"path":"/Users/mc/Desktop/Coala/REACT-Drag-Drop-Drawer/src/component/ToolBar/index.tsx","statementMap":{"0":{"start":{"line":23,"column":47},"end":{"line":95,"column":1}},"1":{"start":{"line":24,"column":22},"end":{"line":24,"column":33}},"2":{"start":{"line":25,"column":52},"end":{"line":25,"column":67}},"3":{"start":{"line":26,"column":36},"end":{"line":26,"column":51}},"4":{"start":{"line":28,"column":22},"end":{"line":30,"column":3}},"5":{"start":{"line":29,"column":4},"end":{"line":29,"column":32}},"6":{"start":{"line":32,"column":28},"end":{"line":34,"column":3}},"7":{"start":{"line":33,"column":4},"end":{"line":33,"column":37}},"8":{"start":{"line":37,"column":4},"end":{"line":59,"column":13}},"9":{"start":{"line":55,"column":31},"end":{"line":55,"column":58}},"10":{"start":{"line":62,"column":2},"end":{"line":94,"column":4}},"11":{"start":{"line":71,"column":28},"end":{"line":71,"column":54}},"12":{"start":{"line":97,"column":18},"end":{"line":211,"column":3}},"13":{"start":{"line":97,"column":36},"end":{"line":211,"column":1}}},"fnMap":{"0":{"name":"(anonymous_0)","decl":{"start":{"line":23,"column":47},"end":{"line":23,"column":48}},"loc":{"start":{"line":23,"column":91},"end":{"line":95,"column":1}},"line":23},"1":{"name":"(anonymous_1)","decl":{"start":{"line":28,"column":22},"end":{"line":28,"column":23}},"loc":{"start":{"line":28,"column":28},"end":{"line":30,"column":3}},"line":28},"2":{"name":"(anonymous_2)","decl":{"start":{"line":32,"column":28},"end":{"line":32,"column":29}},"loc":{"start":{"line":32,"column":44},"end":{"line":34,"column":3}},"line":32},"3":{"name":"(anonymous_3)","decl":{"start":{"line":55,"column":25},"end":{"line":55,"column":26}},"loc":{"start":{"line":55,"column":31},"end":{"line":55,"column":58}},"line":55},"4":{"name":"(anonymous_4)","decl":{"start":{"line":71,"column":22},"end":{"line":71,"column":23}},"loc":{"start":{"line":71,"column":28},"end":{"line":71,"column":54}},"line":71},"5":{"name":"(anonymous_5)","decl":{"start":{"line":97,"column":29},"end":{"line":97,"column":30}},"loc":{"start":{"line":97,"column":36},"end":{"line":211,"column":1}},"line":97}},"branchMap":{"0":{"loc":{"start":{"line":92,"column":7},"end":{"line":92,"column":48}},"type":"binary-expr","locations":[{"start":{"line":92,"column":7},"end":{"line":92,"column":24}},{"start":{"line":92,"column":28},"end":{"line":92,"column":48}}],"line":92}},"s":{"0":1,"1":5,"2":5,"3":5,"4":5,"5":0,"6":5,"7":0,"8":5,"9":0,"10":5,"11":0,"12":1,"13":1},"f":{"0":5,"1":0,"2":0,"3":0,"4":0,"5":1},"b":{"0":[5,0]},"_coverageSchema":"43e27e138ebf9cfc5966b082cf9a028302ed4184","hash":"695adff354e5858244b0d59aa7888b382c808855"}
}
