TN:
SF:/Users/mc/Desktop/Coala/REACT-Drag-Drop-Drawer/src/component/FlexTabs/index.tsx
FN:38,(anonymous_0)
FN:64,(anonymous_1)
FN:66,(anonymous_2)
FN:78,(anonymous_3)
FN:91,(anonymous_4)
FN:94,(anonymous_5)
FN:101,(anonymous_6)
FN:105,(anonymous_7)
FN:106,(anonymous_8)
FN:118,(anonymous_9)
FN:122,(anonymous_10)
FN:126,(anonymous_11)
FN:158,(anonymous_12)
FN:181,(anonymous_13)
FN:206,(anonymous_14)
FN:209,(anonymous_15)
FN:212,(anonymous_16)
FN:225,(anonymous_17)
FN:267,(anonymous_18)
FN:286,(anonymous_19)
FN:296,(anonymous_20)
FN:315,(anonymous_21)
FNF:22
FNH:6
FNDA:17,(anonymous_0)
FNDA:102,(anonymous_1)
FNDA:0,(anonymous_2)
FNDA:0,(anonymous_3)
FNDA:17,(anonymous_4)
FNDA:102,(anonymous_5)
FNDA:0,(anonymous_6)
FNDA:0,(anonymous_7)
FNDA:0,(anonymous_8)
FNDA:51,(anonymous_9)
FNDA:0,(anonymous_10)
FNDA:0,(anonymous_11)
FNDA:0,(anonymous_12)
FNDA:0,(anonymous_13)
FNDA:0,(anonymous_14)
FNDA:0,(anonymous_15)
FNDA:0,(anonymous_16)
FNDA:0,(anonymous_17)
FNDA:0,(anonymous_18)
FNDA:0,(anonymous_19)
FNDA:0,(anonymous_20)
FNDA:1,(anonymous_21)
DA:38,1
DA:53,17
DA:54,17
DA:55,17
DA:56,17
DA:57,17
DA:58,17
DA:59,17
DA:64,17
DA:65,102
DA:66,0
DA:79,0
DA:80,0
DA:91,17
DA:92,17
DA:95,102
DA:101,17
DA:102,0
DA:105,17
DA:106,0
DA:107,0
DA:109,0
DA:113,17
DA:119,51
DA:123,0
DA:124,0
DA:125,0
DA:126,0
DA:128,0
DA:129,0
DA:132,0
DA:133,0
DA:134,0
DA:135,0
DA:136,0
DA:137,0
DA:138,0
DA:139,0
DA:140,0
DA:141,0
DA:142,0
DA:143,0
DA:145,0
DA:158,17
DA:159,0
DA:163,17
DA:182,0
DA:183,0
DA:184,0
DA:185,0
DA:186,0
DA:187,0
DA:188,0
DA:189,0
DA:190,0
DA:191,0
DA:196,0
DA:197,0
DA:206,17
DA:207,0
DA:210,0
DA:212,0
DA:226,0
DA:227,0
DA:243,17
DA:268,0
DA:269,0
DA:270,0
DA:286,1
DA:287,0
DA:296,1
DA:297,0
DA:306,1
DA:315,1
LF:74
LH:25
BRDA:68,0,0,17
BRDA:68,0,1,85
BRDA:69,1,0,17
BRDA:69,1,1,85
BRDA:73,2,0,17
BRDA:73,2,1,85
BRDA:76,3,0,102
BRDA:76,3,1,102
BRDA:83,4,0,102
BRDA:83,4,1,17
BRDA:117,5,0,17
BRDA:117,5,1,17
BRDA:124,6,0,0
BRDA:124,6,1,0
BRDA:125,7,0,0
BRDA:125,7,1,0
BRDA:132,8,0,0
BRDA:132,8,1,0
BRDA:137,9,0,0
BRDA:137,9,1,0
BRDA:139,10,0,0
BRDA:139,10,1,0
BRDA:183,11,0,0
BRDA:183,11,1,0
BRDA:184,12,0,0
BRDA:184,12,1,0
BRDA:184,13,0,0
BRDA:184,13,1,0
BRDA:187,14,0,0
BRDA:187,14,1,0
BRDA:187,15,0,0
BRDA:187,15,1,0
BRDA:189,16,0,0
BRDA:189,16,1,0
BRDA:214,17,0,0
BRDA:214,17,1,0
BRDA:217,18,0,0
BRDA:217,18,1,0
BRDA:223,19,0,0
BRDA:223,19,1,0
BRDA:230,20,0,0
BRDA:230,20,1,0
BRDA:254,21,0,17
BRDA:254,21,1,0
BRDA:276,22,0,17
BRDA:276,22,1,0
BRDA:277,23,0,17
BRDA:277,23,1,0
BRF:48
BRH:15
end_of_record
TN:
SF:/Users/mc/Desktop/Coala/REACT-Drag-Drop-Drawer/src/component/Selector/index.tsx
FN:16,(anonymous_0)
FN:23,(anonymous_1)
FN:25,(anonymous_2)
FN:43,(anonymous_3)
FNF:4
FNH:4
FNDA:5,(anonymous_0)
FNDA:15,(anonymous_1)
FNDA:2,(anonymous_2)
FNDA:1,(anonymous_3)
DA:16,1
DA:17,5
DA:18,5
DA:19,5
DA:24,15
DA:26,2
DA:27,2
DA:43,1
LF:8
LH:8
BRDA:22,0,0,5
BRDA:22,0,1,5
BRDA:31,1,0,5
BRDA:31,1,1,10
BRF:4
BRH:4
end_of_record
TN:
SF:/Users/mc/Desktop/Coala/REACT-Drag-Drop-Drawer/src/component/SlugField/index.tsx
FN:27,(anonymous_0)
FN:42,(anonymous_1)
FN:48,(anonymous_2)
FN:53,(anonymous_3)
FN:80,(anonymous_4)
FN:106,(anonymous_5)
FNF:6
FNH:2
FNDA:6,(anonymous_0)
FNDA:0,(anonymous_1)
FNDA:0,(anonymous_2)
FNDA:0,(anonymous_3)
FNDA:0,(anonymous_4)
FNDA:1,(anonymous_5)
DA:27,1
DA:38,6
DA:39,6
DA:40,6
DA:42,6
DA:43,0
DA:44,0
DA:45,0
DA:48,6
DA:49,0
DA:50,0
DA:53,6
DA:54,0
DA:57,6
DA:81,0
DA:101,1
DA:106,1
LF:17
LH:10
BRDA:85,0,0,6
BRDA:85,0,1,6
BRDA:90,1,0,6
BRDA:90,1,1,6
BRF:4
BRH:4
end_of_record
TN:
SF:/Users/mc/Desktop/Coala/REACT-Drag-Drop-Drawer/src/component/TaskCard/index.tsx
FN:17,(anonymous_0)
FN:29,(anonymous_1)
FN:32,(anonymous_2)
FN:49,(anonymous_3)
FN:74,(anonymous_4)
FNF:5
FNH:3
FNDA:9,(anonymous_0)
FNDA:9,(anonymous_1)
FNDA:0,(anonymous_2)
FNDA:0,(anonymous_3)
FNDA:1,(anonymous_4)
DA:17,1
DA:28,9
DA:29,9
DA:30,9
DA:33,0
DA:34,0
DA:50,0
DA:51,0
DA:66,9
DA:69,1
DA:74,1
LF:11
LH:7
BRDA:33,0,0,0
BRDA:33,0,1,0
BRDA:47,1,0,9
BRDA:47,1,1,0
BRDA:47,2,0,9
BRDA:47,2,1,9
BRDA:50,3,0,0
BRDA:50,3,1,0
BRF:8
BRH:3
end_of_record
TN:
SF:/Users/mc/Desktop/Coala/REACT-Drag-Drop-Drawer/src/component/Timeline/index.tsx
FN:22,(anonymous_0)
FN:32,(anonymous_1)
FN:36,(anonymous_2)
FN:68,(anonymous_3)
FNF:4
FNH:4
FNDA:15,(anonymous_0)
FNDA:15,(anonymous_1)
FNDA:90,(anonymous_2)
FNDA:1,(anonymous_3)
DA:22,1
DA:31,15
DA:32,15
DA:33,15
DA:37,90
DA:57,15
DA:64,1
DA:68,1
LF:8
LH:8
BRDA:35,0,0,15
BRDA:35,0,1,15
BRDA:59,1,0,15
BRDA:59,1,1,15
BRF:4
BRH:4
end_of_record
TN:
SF:/Users/mc/Desktop/Coala/REACT-Drag-Drop-Drawer/src/component/ToolBar/index.tsx
FN:23,(anonymous_0)
FN:28,(anonymous_1)
FN:32,(anonymous_2)
FN:55,(anonymous_3)
FN:71,(anonymous_4)
FN:97,(anonymous_5)
FNF:6
FNH:2
FNDA:5,(anonymous_0)
FNDA:0,(anonymous_1)
FNDA:0,(anonymous_2)
FNDA:0,(anonymous_3)
FNDA:0,(anonymous_4)
FNDA:1,(anonymous_5)
DA:23,1
DA:24,5
DA:25,5
DA:26,5
DA:28,5
DA:29,0
DA:32,5
DA:33,0
DA:37,5
DA:55,0
DA:62,5
DA:71,0
DA:97,1
LF:13
LH:9
BRDA:92,0,0,5
BRDA:92,0,1,0
BRF:2
BRH:1
end_of_record
